# JRE version: Java(TM) SE Runtime Environment (23.0.2+7) (build 23.0.2+7-58)
# Java VM: Java HotSpot(TM) 64-Bit Server VM (23.0.2+7-58, mixed mode, sharing, tiered, compressed oops, compressed class ptrs, g1 gc, windows-amd64)
GC Precious Log:
 CardTable entry size: 512
 Card Set container configuration: InlinePtr #cards 4 size 8 Array Of Cards #cards 16 size 48 Howl #buckets 8 coarsen threshold 3686 Howl Bitmap #cards 512 size 80 coarsen threshold 460 Card regions per heap region 1 cards per card region 4096
 CPUs: 20 total, 20 available
 Memory: 16108M
 Large Page Support: Disabled
 NUMA Support: Disabled
 Compressed Oops: Enabled (Zero based)
 Heap Region Size: 2M
 Heap Min Capacity: 8M
 Heap Initial Capacity: 252M
 Heap Max Capacity: 4028M
 Pre-touch: Disabled
 Parallel Workers: 15
 Concurrent Workers: 4
 Concurrent Refinement Workers: 15
 Periodic GC: Disabled
Heap:
 garbage-first heap   total reserved 4124672K, committed 258048K, used 169631K [0x0000000704400000, 0x0000000800000000)
  region size 2048K, 75 young (153600K), 6 survivors (12288K)
 Metaspace       used 1648K, committed 1856K, reserved 1114112K
  class space    used 110K, committed 192K, reserved 1048576K
GC Heap History (20 events):
Event: 32.108 GC heap before
{Heap before GC invocations=5 (full 0):
 garbage-first heap   total reserved 4124672K, committed 258048K, used 145642K [0x0000000704400000, 0x0000000800000000)
  region size 2048K, 72 young (147456K), 4 survivors (8192K)
 Metaspace       used 1497K, committed 1664K, reserved 1114112K
  class space    used 101K, committed 192K, reserved 1048576K
}
Event: 32.112 GC heap after
{Heap after GC invocations=6 (full 0):
 garbage-first heap   total reserved 4124672K, committed 258048K, used 8876K [0x0000000704400000, 0x0000000800000000)
  region size 2048K, 5 young (10240K), 5 survivors (10240K)
 Metaspace       used 1497K, committed 1664K, reserved 1114112K
  class space    used 101K, committed 192K, reserved 1048576K
}
Event: 43.074 GC heap before
{Heap before GC invocations=6 (full 0):
 garbage-first heap   total reserved 4124672K, committed 258048K, used 152236K [0x0000000704400000, 0x0000000800000000)
  region size 2048K, 75 young (153600K), 5 survivors (10240K)
 Metaspace       used 1497K, committed 1664K, reserved 1114112K
  class space    used 101K, committed 192K, reserved 1048576K
}
Event: 43.084 GC heap after
{Heap after GC invocations=7 (full 0):
 garbage-first heap   total reserved 4124672K, committed 258048K, used 10723K [0x0000000704400000, 0x0000000800000000)
  region size 2048K, 6 young (12288K), 6 survivors (12288K)
 Metaspace       used 1497K, committed 1664K, reserved 1114112K
  class space    used 101K, committed 192K, reserved 1048576K
}
Event: 53.426 GC heap before
{Heap before GC invocations=7 (full 0):
 garbage-first heap   total reserved 4124672K, committed 258048K, used 152035K [0x0000000704400000, 0x0000000800000000)
  region size 2048K, 75 young (153600K), 6 survivors (12288K)
 Metaspace       used 1498K, committed 1664K, reserved 1114112K
  class space    used 101K, committed 192K, reserved 1048576K
}
Event: 53.431 GC heap after
{Heap after GC invocations=8 (full 0):
 garbage-first heap   total reserved 4124672K, committed 258048K, used 13764K [0x0000000704400000, 0x0000000800000000)
  region size 2048K, 6 young (12288K), 6 survivors (12288K)
 Metaspace       used 1498K, committed 1664K, reserved 1114112K
  class space    used 101K, committed 192K, reserved 1048576K
}
Event: 64.114 GC heap before
{Heap before GC invocations=8 (full 0):
 garbage-first heap   total reserved 4124672K, committed 258048K, used 155076K [0x0000000704400000, 0x0000000800000000)
  region size 2048K, 75 young (153600K), 6 survivors (12288K)
 Metaspace       used 1498K, committed 1664K, reserved 1114112K
  class space    used 101K, committed 192K, reserved 1048576K
}
Event: 64.121 GC heap after
{Heap after GC invocations=9 (full 0):
 garbage-first heap   total reserved 4124672K, committed 258048K, used 16393K [0x0000000704400000, 0x0000000800000000)
  region size 2048K, 7 young (14336K), 7 survivors (14336K)
 Metaspace       used 1498K, committed 1664K, reserved 1114112K
  class space    used 101K, committed 192K, reserved 1048576K
}
Event: 74.548 GC heap before
{Heap before GC invocations=9 (full 0):
 garbage-first heap   total reserved 4124672K, committed 258048K, used 155657K [0x0000000704400000, 0x0000000800000000)
  region size 2048K, 75 young (153600K), 7 survivors (14336K)
 Metaspace       used 1498K, committed 1664K, reserved 1114112K
  class space    used 101K, committed 192K, reserved 1048576K
}
Event: 74.553 GC heap after
{Heap after GC invocations=10 (full 0):
 garbage-first heap   total reserved 4124672K, committed 258048K, used 18389K [0x0000000704400000, 0x0000000800000000)
  region size 2048K, 6 young (12288K), 6 survivors (12288K)
 Metaspace       used 1498K, committed 1664K, reserved 1114112K
  class space    used 101K, committed 192K, reserved 1048576K
}
Event: 86.285 GC heap before
{Heap before GC invocations=10 (full 0):
 garbage-first heap   total reserved 4124672K, committed 258048K, used 159701K [0x0000000704400000, 0x0000000800000000)
  region size 2048K, 75 young (153600K), 6 survivors (12288K)
 Metaspace       used 1498K, committed 1664K, reserved 1114112K
  class space    used 101K, committed 192K, reserved 1048576K
}
Event: 86.290 GC heap after
{Heap after GC invocations=11 (full 0):
 garbage-first heap   total reserved 4124672K, committed 258048K, used 20881K [0x0000000704400000, 0x0000000800000000)
  region size 2048K, 6 young (12288K), 6 survivors (12288K)
 Metaspace       used 1498K, committed 1664K, reserved 1114112K
  class space    used 101K, committed 192K, reserved 1048576K
}
Event: 98.522 GC heap before
{Heap before GC invocations=11 (full 0):
 garbage-first heap   total reserved 4124672K, committed 258048K, used 162193K [0x0000000704400000, 0x0000000800000000)
  region size 2048K, 75 young (153600K), 6 survivors (12288K)
 Metaspace       used 1498K, committed 1664K, reserved 1114112K
  class space    used 101K, committed 192K, reserved 1048576K
}
Event: 98.527 GC heap after
{Heap after GC invocations=12 (full 0):
 garbage-first heap   total reserved 4124672K, committed 258048K, used 23330K [0x0000000704400000, 0x0000000800000000)
  region size 2048K, 6 young (12288K), 6 survivors (12288K)
 Metaspace       used 1498K, committed 1664K, reserved 1114112K
  class space    used 101K, committed 192K, reserved 1048576K
}
Event: 114.821 GC heap before
{Heap before GC invocations=12 (full 0):
 garbage-first heap   total reserved 4124672K, committed 258048K, used 164642K [0x0000000704400000, 0x0000000800000000)
  region size 2048K, 75 young (153600K), 6 survivors (12288K)
 Metaspace       used 1500K, committed 1664K, reserved 1114112K
  class space    used 101K, committed 192K, reserved 1048576K
}
Event: 114.827 GC heap after
{Heap after GC invocations=13 (full 0):
 garbage-first heap   total reserved 4124672K, committed 258048K, used 25652K [0x0000000704400000, 0x0000000800000000)
  region size 2048K, 6 young (12288K), 6 survivors (12288K)
 Metaspace       used 1500K, committed 1664K, reserved 1114112K
  class space    used 101K, committed 192K, reserved 1048576K
}
Event: 139.865 GC heap before
{Heap before GC invocations=13 (full 0):
 garbage-first heap   total reserved 4124672K, committed 258048K, used 166964K [0x0000000704400000, 0x0000000800000000)
  region size 2048K, 75 young (153600K), 6 survivors (12288K)
 Metaspace       used 1500K, committed 1664K, reserved 1114112K
  class space    used 101K, committed 192K, reserved 1048576K
}
Event: 139.885 GC heap after
{Heap after GC invocations=14 (full 0):
 garbage-first heap   total reserved 4124672K, committed 258048K, used 28589K [0x0000000704400000, 0x0000000800000000)
  region size 2048K, 7 young (14336K), 7 survivors (14336K)
 Metaspace       used 1500K, committed 1664K, reserved 1114112K
  class space    used 101K, committed 192K, reserved 1048576K
}
Event: 162.871 GC heap before
{Heap before GC invocations=14 (full 0):
 garbage-first heap   total reserved 4124672K, committed 258048K, used 167853K [0x0000000704400000, 0x0000000800000000)
  region size 2048K, 75 young (153600K), 7 survivors (14336K)
 Metaspace       used 1500K, committed 1664K, reserved 1114112K
  class space    used 101K, committed 192K, reserved 1048576K
}
Event: 162.876 GC heap after
{Heap after GC invocations=15 (full 0):
 garbage-first heap   total reserved 4124672K, committed 258048K, used 30367K [0x0000000704400000, 0x0000000800000000)
  region size 2048K, 6 young (12288K), 6 survivors (12288K)
 Metaspace       used 1500K, committed 1664K, reserved 1114112K
  class space    used 101K, committed 192K, reserved 1048576K
}

